C51 COMPILER V9.60.0.0   MAIN                                                              04/15/2022 20:50:43 PAGE 1   


C51 COMPILER V9.60.0.0, COMPILATION OF MODULE MAIN
OBJECT MODULE PLACED IN .\Objects\main.obj
COMPILER INVOKED BY: C:\Keil_v5\C51\BIN\C51.EXE main.c OPTIMIZE(8,SPEED) BROWSE DEBUG OBJECTEXTEND PRINT(.\Listings\main
                    -.lst) TABS(2) OBJECT(.\Objects\main.obj)

line level    source

   1          //ARIKESHI SRIVASTAVA - 19BCE10038
   2          #include <reg51.h>
   3          
   4           // connected pins
   5           // keypad rows
   6           sbit keyrow1=P2^0;
   7           sbit keyrow2=P2^1;
   8           sbit keyrow3=P2^2;
   9           sbit keyrow4=P2^3;
  10           //keypad column
  11           sbit keycolumn1=P3^0;
  12           sbit keycolumn2=P3^1;
  13           sbit keycolumn3=P3^2;
  14          
  15           // motor pins
  16           sbit motorpin1=P3^3;
  17           sbit motorpin2=P3^4;
  18           
  19           //Alarm pin
  20           sbit b1 = P0^0;
  21          
  22           // led pins
  23           sbit rs=P3^5;
  24           sbit rw=P3^6;
  25           sbit en=P3^7;
  26          
  27           //functions
  28           void lcdcmd(unsigned char);
  29           void lcddat(unsigned char);
  30           void lcddisplay(unsigned char *q);
  31           char keypad();
  32           void check();
  33           void delay(unsigned int);
  34           unsigned char pin[] = {"10038"}; 
  35           unsigned char Epin[5];
  36          
  37           // main function
  38          void main()
  39          {
  40   1        lcdcmd(0x0F); //decimal value: 15
  41   1        lcdcmd(0x38); //decimal value: 56
  42   1        lcdcmd(0x01); //decimal value: 1
  43   1      
  44   1        while (1)
  45   1        {
  46   2          unsigned int i = 0;
  47   2          lcdcmd(0x80); //decimal value: 128
  48   2        //lcddisplay("ENTER PIN NUMBER");
  49   2          delay(1000);
  50   2        //lcdcmd(0xc0); //decimal value: 192
  51   2          while (pin[i] != '\0')
  52   2          {
  53   3            Epin[i] = keypad();
  54   3            delay(1000);
C51 COMPILER V9.60.0.0   MAIN                                                              04/15/2022 20:50:43 PAGE 2   

  55   3            i++;
  56   3          }
  57   2          check();
  58   2        }
  59   1      }
  60          
  61           //delay function
  62           void delay(unsigned int j)
  63           {
  64   1          int a, b;
  65   1          for (a = 0; a < j; a++)
  66   1          {
  67   2            for (b = 0; b < 10; b++);
  68   2          }
  69   1       }
  70          
  71           // lcd commands functions
  72           void lcdcmd(unsigned char A)
  73           {
  74   1        P1 = A;
  75   1      
  76   1        rs = 0;
  77   1        rw = 0;
  78   1        en = 1;
  79   1        delay(1000);
  80   1        en = 0;
  81   1       }
  82          
  83           //lcd data function
  84          
  85           void lcddat(unsigned char i)
  86           {
  87   1        P1 = i;
  88   1        rs = 1;
  89   1        rw = 0;
  90   1        en = 1;
  91   1        delay(1000);
  92   1        en = 0;
  93   1       }
  94          
  95           //lcd display charecters
  96          
  97            void lcddisplay(unsigned char *q)
  98            {
  99   1          int k;
 100   1          for (k = 0; q[k]!='\0'; k++)
 101   1          {
 102   2            lcddat(q[k]);
 103   2          }
 104   1          delay(10000);
 105   1        }
 106          
 107           // keypad char functions
 108          
 109           char keypad()
 110           {
 111   1       int x = 0;
 112   1       while (x == 0)
 113   1       {
 114   2       // first row
 115   2       keyrow1 = 0;
 116   2       keyrow2 = 1;
C51 COMPILER V9.60.0.0   MAIN                                                              04/15/2022 20:50:43 PAGE 3   

 117   2       keyrow3 = 1;
 118   2       keyrow4 = 1;
 119   2       if (keycolumn1 == 0)
 120   2       {
 121   3       lcddat('*');
 122   3       delay(1000);
 123   3       x = 1;
 124   3       return '1';
 125   3       }
 126   2       if (keycolumn2 == 0)
 127   2       {
 128   3       lcddat('*');
 129   3       delay(1000);
 130   3       x = 1;
 131   3       return '2';
 132   3       }
 133   2       if (keycolumn3 == 0)
 134   2       {
 135   3       lcddat('*');
 136   3       delay(1000);
 137   3       x = 1;
 138   3       return '3';
 139   3       }
 140   2       // second row
 141   2       keyrow1 = 1;
 142   2       keyrow2 = 0;
 143   2       keyrow3 = 1; keyrow4 = 1;
 144   2      
 145   2       if (keycolumn1 == 0)
 146   2       {
 147   3      
 148   3       lcddat('*');
 149   3       delay(1000);
 150   3       x = 1;
 151   3       return '4';
 152   3       }
 153   2       if (keycolumn2 == 0)
 154   2       {
 155   3       lcddat('*');
 156   3       delay(1000);
 157   3       x = 1;
 158   3      return '5';
 159   3       }
 160   2       if (keycolumn3 == 0)
 161   2       {
 162   3      lcddat('*');
 163   3       delay(1000);
 164   3       x = 1;
 165   3       return '6';
 166   3       }
 167   2      
 168   2       // third row
 169   2       keyrow1 = 1;
 170   2       keyrow2 = 1;
 171   2       keyrow3 = 0;
 172   2       keyrow4 = 1;
 173   2       if (keycolumn1 == 0)
 174   2       {
 175   3       lcddat('*');
 176   3       delay(1000);
 177   3       x = 1;
 178   3       return '7';
C51 COMPILER V9.60.0.0   MAIN                                                              04/15/2022 20:50:43 PAGE 4   

 179   3       }
 180   2       if (keycolumn2 == 0)
 181   2       {
 182   3       lcddat('*');
 183   3       delay(1000);
 184   3       x = 1;
 185   3      return '8';
 186   3       }
 187   2       if (keycolumn3 == 0)
 188   2       {
 189   3       lcddat('*');
 190   3       delay(1000);
 191   3       x = 1;
 192   3       return '9';
 193   3       }
 194   2      
 195   2       // forth row
 196   2       keyrow1 = 1;
 197   2       keyrow2 = 1;
 198   2       keyrow3 = 1;
 199   2       keyrow4 = 0;
 200   2      
 201   2       if (keycolumn1 == 0)
 202   2       {
 203   3          lcddat('*');
 204   3          delay(1000);
 205   3          x = 1;
 206   3          return '*';
 207   3       }
 208   2       if (keycolumn2 == 0)
 209   2       {
 210   3       lcddat('*');
 211   3       delay(1000);
 212   3       x = 1;
 213   3       return '0';
 214   3       }
 215   2       if (keycolumn3 == 0)
 216   2       {
 217   3       lcddat('*');
 218   3       delay(1000);
 219   3       x = 1;
 220   3       return '#';
 221   3       }
 222   2       }
 223   1       }
 224          
 225           // password check function
 226          
 227          void check()
 228          {
 229   1       if (pin[0] == Epin[0] && pin[1] == Epin[1] && pin[2] == Epin[2] && pin[3] == Epin[3] && pin[4] == Epin[4]
             -)
 230   1       {
 231   2          delay(1000);
 232   2          lcdcmd(0x01); //decimal value: 1
 233   2          lcdcmd(0xc1); //decimal value: 129
 234   2          lcddisplay("Correct");
 235   2          delay(100000);
 236   2          motorpin1 = 1;
 237   2          motorpin2 = 0;
 238   2          //lcdcmd(0xc1); //decimal value: 193
 239   2          delay(10000);
C51 COMPILER V9.60.0.0   MAIN                                                              04/15/2022 20:50:43 PAGE 5   

 240   2          motorpin1 = 1;
 241   2          motorpin2 = 0;
 242   2          lcdcmd(0x01); //decimal value: 1
 243   2        }
 244   1        else
 245   1        {
 246   2          lcdcmd(0x01); //decimal value: 1
 247   2          lcdcmd(0xc1); //decimal value: 128
 248   2          lcddisplay("Incorrect");
 249   2          lcdcmd(0xc0);
 250   2          delay(1000);
 251   2          lcdcmd(0x01); //decimal value: 1
 252   2            b1 = 0;
 253   2            delay(100000);
 254   2            b1 = 1;
 255   2            delay(1000);
 256   2        }
 257   1      }
*** WARNING C291 IN LINE 223 OF main.c: not every exit path returns a value


MODULE INFORMATION:   STATIC OVERLAYABLE
   CODE SIZE        =    454    ----
   CONSTANT SIZE    =     18    ----
   XDATA SIZE       =   ----    ----
   PDATA SIZE       =   ----    ----
   DATA SIZE        =     11       7
   IDATA SIZE       =   ----    ----
   BIT SIZE         =   ----    ----
END OF MODULE INFORMATION.


C51 COMPILATION COMPLETE.  1 WARNING(S),  0 ERROR(S)
